<?xml version="1.0" encoding="UTF-8"?>
<testsuite xmlns:xsi="http://www.w3.org/2001/XMLSchema-instance" xsi:noNamespaceSchemaLocation="https://maven.apache.org/surefire/maven-surefire-plugin/xsd/surefire-test-report-3.0.xsd" version="3.0" name="com.sogeti.sun.RuleTest" time="3.912" tests="1" errors="0" skipped="0" failures="0">
  <properties>
    <property name="java.specification.version" value="19"/>
    <property name="sun.jnu.encoding" value="UTF-8"/>
    <property name="java.class.path" value="/Users/pierre/Devs/sun/drools/demo-drools/target/test-classes:/Users/pierre/Devs/sun/drools/demo-drools/target/classes:/Users/pierre/.m2/repository/org/drools/drools-engine/8.32.0.Final/drools-engine-8.32.0.Final.jar:/Users/pierre/.m2/repository/org/kie/kie-api/8.32.0.Final/kie-api-8.32.0.Final.jar:/Users/pierre/.m2/repository/org/kie/kie-internal/8.32.0.Final/kie-internal-8.32.0.Final.jar:/Users/pierre/.m2/repository/org/drools/drools-core/8.32.0.Final/drools-core-8.32.0.Final.jar:/Users/pierre/.m2/repository/org/drools/drools-wiring-static/8.32.0.Final/drools-wiring-static-8.32.0.Final.jar:/Users/pierre/.m2/repository/org/drools/drools-io/8.32.0.Final/drools-io-8.32.0.Final.jar:/Users/pierre/.m2/repository/org/drools/drools-util/8.32.0.Final/drools-util-8.32.0.Final.jar:/Users/pierre/.m2/repository/org/drools/drools-wiring-dynamic/8.32.0.Final/drools-wiring-dynamic-8.32.0.Final.jar:/Users/pierre/.m2/repository/org/drools/drools-kiesession/8.32.0.Final/drools-kiesession-8.32.0.Final.jar:/Users/pierre/.m2/repository/org/drools/drools-tms/8.32.0.Final/drools-tms-8.32.0.Final.jar:/Users/pierre/.m2/repository/org/drools/drools-compiler/8.32.0.Final/drools-compiler-8.32.0.Final.jar:/Users/pierre/.m2/repository/org/drools/drools-drl-parser/8.32.0.Final/drools-drl-parser-8.32.0.Final.jar:/Users/pierre/.m2/repository/org/drools/drools-drl-extensions/8.32.0.Final/drools-drl-extensions-8.32.0.Final.jar:/Users/pierre/.m2/repository/org/drools/drools-drl-ast/8.32.0.Final/drools-drl-ast-8.32.0.Final.jar:/Users/pierre/.m2/repository/org/kie/kie-memory-compiler/8.32.0.Final/kie-memory-compiler-8.32.0.Final.jar:/Users/pierre/.m2/repository/org/drools/drools-ecj/8.32.0.Final/drools-ecj-8.32.0.Final.jar:/Users/pierre/.m2/repository/org/antlr/antlr-runtime/3.5.2/antlr-runtime-3.5.2.jar:/Users/pierre/.m2/repository/org/drools/drools-model-codegen/8.32.0.Final/drools-model-codegen-8.32.0.Final.jar:/Users/pierre/.m2/repository/org/drools/drools-codegen-common/8.32.0.Final/drools-codegen-common-8.32.0.Final.jar:/Users/pierre/.m2/repository/com/github/javaparser/javaparser-core/3.24.2/javaparser-core-3.24.2.jar:/Users/pierre/.m2/repository/org/drools/drools-mvel-parser/8.32.0.Final/drools-mvel-parser-8.32.0.Final.jar:/Users/pierre/.m2/repository/org/drools/drools-mvel-compiler/8.32.0.Final/drools-mvel-compiler-8.32.0.Final.jar:/Users/pierre/.m2/repository/org/drools/drools-model-compiler/8.32.0.Final/drools-model-compiler-8.32.0.Final.jar:/Users/pierre/.m2/repository/org/kie/kie-util-maven-support/8.32.0.Final/kie-util-maven-support-8.32.0.Final.jar:/Users/pierre/.m2/repository/org/drools/drools-canonical-model/8.32.0.Final/drools-canonical-model-8.32.0.Final.jar:/Users/pierre/.m2/repository/org/drools/drools-wiring-api/8.32.0.Final/drools-wiring-api-8.32.0.Final.jar:/Users/pierre/.m2/repository/org/slf4j/slf4j-api/1.7.30/slf4j-api-1.7.30.jar:/Users/pierre/.m2/repository/org/drools/drools-xml-support/8.32.0.Final/drools-xml-support-8.32.0.Final.jar:/Users/pierre/.m2/repository/com/thoughtworks/xstream/xstream/1.4.19/xstream-1.4.19.jar:/Users/pierre/.m2/repository/io/github/x-stream/mxparser/1.2.2/mxparser-1.2.2.jar:/Users/pierre/.m2/repository/xmlpull/xmlpull/1.1.3.1/xmlpull-1.1.3.1.jar:/Users/pierre/.m2/repository/org/kie/kie-util-xml/8.32.0.Final/kie-util-xml-8.32.0.Final.jar:/Users/pierre/.m2/repository/org/drools/drools-commands/8.32.0.Final/drools-commands-8.32.0.Final.jar:/Users/pierre/.m2/repository/commons-codec/commons-codec/1.15/commons-codec-1.15.jar:/Users/pierre/.m2/repository/junit/junit/4.13.1/junit-4.13.1.jar:/Users/pierre/.m2/repository/org/hamcrest/hamcrest-core/1.3/hamcrest-core-1.3.jar:/Users/pierre/.m2/repository/ch/qos/logback/logback-classic/1.2.9/logback-classic-1.2.9.jar:/Users/pierre/.m2/repository/ch/qos/logback/logback-core/1.2.9/logback-core-1.2.9.jar:"/>
    <property name="java.vm.vendor" value="Homebrew"/>
    <property name="sun.arch.data.model" value="64"/>
    <property name="java.vendor.url" value="https://github.com/Homebrew/homebrew-core/issues"/>
    <property name="os.name" value="Mac OS X"/>
    <property name="java.vm.specification.version" value="19"/>
    <property name="sun.java.launcher" value="SUN_STANDARD"/>
    <property name="user.country" value="FR"/>
    <property name="sun.boot.library.path" value="/usr/local/Cellar/openjdk/19.0.2/libexec/openjdk.jdk/Contents/Home/lib"/>
    <property name="sun.java.command" value="/Users/pierre/Devs/sun/drools/demo-drools/target/surefire/surefirebooter-20230204155235736_3.jar /Users/pierre/Devs/sun/drools/demo-drools/target/surefire 2023-02-04T15-52-35_264-jvmRun1 surefire-20230204155235736_1tmp surefire_0-20230204155235736_2tmp"/>
    <property name="http.nonProxyHosts" value="local|*.local|169.254/16|*.169.254/16"/>
    <property name="jdk.debug" value="release"/>
    <property name="surefire.test.class.path" value="/Users/pierre/Devs/sun/drools/demo-drools/target/test-classes:/Users/pierre/Devs/sun/drools/demo-drools/target/classes:/Users/pierre/.m2/repository/org/drools/drools-engine/8.32.0.Final/drools-engine-8.32.0.Final.jar:/Users/pierre/.m2/repository/org/kie/kie-api/8.32.0.Final/kie-api-8.32.0.Final.jar:/Users/pierre/.m2/repository/org/kie/kie-internal/8.32.0.Final/kie-internal-8.32.0.Final.jar:/Users/pierre/.m2/repository/org/drools/drools-core/8.32.0.Final/drools-core-8.32.0.Final.jar:/Users/pierre/.m2/repository/org/drools/drools-wiring-static/8.32.0.Final/drools-wiring-static-8.32.0.Final.jar:/Users/pierre/.m2/repository/org/drools/drools-io/8.32.0.Final/drools-io-8.32.0.Final.jar:/Users/pierre/.m2/repository/org/drools/drools-util/8.32.0.Final/drools-util-8.32.0.Final.jar:/Users/pierre/.m2/repository/org/drools/drools-wiring-dynamic/8.32.0.Final/drools-wiring-dynamic-8.32.0.Final.jar:/Users/pierre/.m2/repository/org/drools/drools-kiesession/8.32.0.Final/drools-kiesession-8.32.0.Final.jar:/Users/pierre/.m2/repository/org/drools/drools-tms/8.32.0.Final/drools-tms-8.32.0.Final.jar:/Users/pierre/.m2/repository/org/drools/drools-compiler/8.32.0.Final/drools-compiler-8.32.0.Final.jar:/Users/pierre/.m2/repository/org/drools/drools-drl-parser/8.32.0.Final/drools-drl-parser-8.32.0.Final.jar:/Users/pierre/.m2/repository/org/drools/drools-drl-extensions/8.32.0.Final/drools-drl-extensions-8.32.0.Final.jar:/Users/pierre/.m2/repository/org/drools/drools-drl-ast/8.32.0.Final/drools-drl-ast-8.32.0.Final.jar:/Users/pierre/.m2/repository/org/kie/kie-memory-compiler/8.32.0.Final/kie-memory-compiler-8.32.0.Final.jar:/Users/pierre/.m2/repository/org/drools/drools-ecj/8.32.0.Final/drools-ecj-8.32.0.Final.jar:/Users/pierre/.m2/repository/org/antlr/antlr-runtime/3.5.2/antlr-runtime-3.5.2.jar:/Users/pierre/.m2/repository/org/drools/drools-model-codegen/8.32.0.Final/drools-model-codegen-8.32.0.Final.jar:/Users/pierre/.m2/repository/org/drools/drools-codegen-common/8.32.0.Final/drools-codegen-common-8.32.0.Final.jar:/Users/pierre/.m2/repository/com/github/javaparser/javaparser-core/3.24.2/javaparser-core-3.24.2.jar:/Users/pierre/.m2/repository/org/drools/drools-mvel-parser/8.32.0.Final/drools-mvel-parser-8.32.0.Final.jar:/Users/pierre/.m2/repository/org/drools/drools-mvel-compiler/8.32.0.Final/drools-mvel-compiler-8.32.0.Final.jar:/Users/pierre/.m2/repository/org/drools/drools-model-compiler/8.32.0.Final/drools-model-compiler-8.32.0.Final.jar:/Users/pierre/.m2/repository/org/kie/kie-util-maven-support/8.32.0.Final/kie-util-maven-support-8.32.0.Final.jar:/Users/pierre/.m2/repository/org/drools/drools-canonical-model/8.32.0.Final/drools-canonical-model-8.32.0.Final.jar:/Users/pierre/.m2/repository/org/drools/drools-wiring-api/8.32.0.Final/drools-wiring-api-8.32.0.Final.jar:/Users/pierre/.m2/repository/org/slf4j/slf4j-api/1.7.30/slf4j-api-1.7.30.jar:/Users/pierre/.m2/repository/org/drools/drools-xml-support/8.32.0.Final/drools-xml-support-8.32.0.Final.jar:/Users/pierre/.m2/repository/com/thoughtworks/xstream/xstream/1.4.19/xstream-1.4.19.jar:/Users/pierre/.m2/repository/io/github/x-stream/mxparser/1.2.2/mxparser-1.2.2.jar:/Users/pierre/.m2/repository/xmlpull/xmlpull/1.1.3.1/xmlpull-1.1.3.1.jar:/Users/pierre/.m2/repository/org/kie/kie-util-xml/8.32.0.Final/kie-util-xml-8.32.0.Final.jar:/Users/pierre/.m2/repository/org/drools/drools-commands/8.32.0.Final/drools-commands-8.32.0.Final.jar:/Users/pierre/.m2/repository/commons-codec/commons-codec/1.15/commons-codec-1.15.jar:/Users/pierre/.m2/repository/junit/junit/4.13.1/junit-4.13.1.jar:/Users/pierre/.m2/repository/org/hamcrest/hamcrest-core/1.3/hamcrest-core-1.3.jar:/Users/pierre/.m2/repository/ch/qos/logback/logback-classic/1.2.9/logback-classic-1.2.9.jar:/Users/pierre/.m2/repository/ch/qos/logback/logback-core/1.2.9/logback-core-1.2.9.jar:"/>
    <property name="sun.cpu.endian" value="little"/>
    <property name="user.home" value="/Users/pierre"/>
    <property name="user.language" value="en"/>
    <property name="java.specification.vendor" value="Oracle Corporation"/>
    <property name="java.version.date" value="2023-01-17"/>
    <property name="java.home" value="/usr/local/Cellar/openjdk/19.0.2/libexec/openjdk.jdk/Contents/Home"/>
    <property name="file.separator" value="/"/>
    <property name="basedir" value="/Users/pierre/Devs/sun/drools/demo-drools"/>
    <property name="java.vm.compressedOopsMode" value="Zero based"/>
    <property name="line.separator" value="&#10;"/>
    <property name="java.vm.specification.vendor" value="Oracle Corporation"/>
    <property name="java.specification.name" value="Java Platform API Specification"/>
    <property name="apple.awt.application.name" value="ForkedBooter"/>
    <property name="surefire.real.class.path" value="/Users/pierre/Devs/sun/drools/demo-drools/target/surefire/surefirebooter-20230204155235736_3.jar"/>
    <property name="sun.management.compiler" value="HotSpot 64-Bit Tiered Compilers"/>
    <property name="ftp.nonProxyHosts" value="local|*.local|169.254/16|*.169.254/16"/>
    <property name="java.runtime.version" value="19.0.2"/>
    <property name="user.name" value="pierre"/>
    <property name="stdout.encoding" value="UTF-8"/>
    <property name="path.separator" value=":"/>
    <property name="os.version" value="12.6.2"/>
    <property name="java.runtime.name" value="OpenJDK Runtime Environment"/>
    <property name="file.encoding" value="UTF-8"/>
    <property name="java.vm.name" value="OpenJDK 64-Bit Server VM"/>
    <property name="java.vendor.version" value="Homebrew"/>
    <property name="localRepository" value="/Users/pierre/.m2/repository"/>
    <property name="java.vendor.url.bug" value="https://github.com/Homebrew/homebrew-core/issues"/>
    <property name="java.io.tmpdir" value="/var/folders/qk/rhlh0td15c339f7t6kpmmq3m0000gn/T/"/>
    <property name="java.version" value="19.0.2"/>
    <property name="user.dir" value="/Users/pierre/Devs/sun/drools/demo-drools"/>
    <property name="os.arch" value="x86_64"/>
    <property name="java.vm.specification.name" value="Java Virtual Machine Specification"/>
    <property name="native.encoding" value="UTF-8"/>
    <property name="java.library.path" value="/Users/pierre/Library/Java/Extensions:/Library/Java/Extensions:/Network/Library/Java/Extensions:/System/Library/Java/Extensions:/usr/lib/java:."/>
    <property name="java.vm.info" value="mixed mode, sharing"/>
    <property name="stderr.encoding" value="UTF-8"/>
    <property name="java.vendor" value="Homebrew"/>
    <property name="java.vm.version" value="19.0.2"/>
    <property name="sun.io.unicode.encoding" value="UnicodeBig"/>
    <property name="socksNonProxyHosts" value="local|*.local|169.254/16|*.169.254/16"/>
    <property name="java.class.version" value="63.0"/>
  </properties>
  <testcase name="test" classname="com.sogeti.sun.RuleTest" time="3.7">
    <system-out><![CDATA[2023-02-04 15:52:38,281 [main] WARN  File 'org/example/rules.drl' is in folder 'org/example' but declares package 'com.sogeti.sun'. It is advised to have a correspondance between package and folder names.
2023-02-04 15:52:39,830 [main] INFO  Creating kieBase
2023-02-04 15:52:39,831 [main] INFO  Start creation of KieBase: defaultKieBase
2023-02-04 15:52:40,361 [main] INFO  End creation of KieBase: defaultKieBase
2023-02-04 15:52:40,361 [main] INFO  There should be rules: 
2023-02-04 15:52:40,361 [main] INFO  kp [Package name=com.sogeti.sun] rule will execute per each Measurement having ID color
2023-02-04 15:52:40,361 [main] INFO  Creating kieSession
2023-02-04 15:52:40,564 [main] INFO  Populating globals
2023-02-04 15:52:40,564 [main] INFO  Now running data
2023-02-04 15:52:40,692 [main] INFO  Final checks
]]></system-out>
  </testcase>
</testsuite>